Database query failed: error: syntax error at or near "HOUR"
    at /home/runner/workspace/node_modules/pg/lib/client.js:535:17
    at process.processTicksAndRejections (node:internal/process/task_queues:95:5)
    at async GET (/home/runner/workspace/src/routes/api/weather-cities/+server.js:111:20)
    at async Module.render_endpoint (/home/runner/workspace/node_modules/@sveltejs/kit/src/runtime/server/endpoint.js:49:18)
    at async resolve (/home/runner/workspace/node_modules/@sveltejs/kit/src/runtime/server/respond.js:412:17)
    at async Module.respond (/home/runner/workspace/node_modules/@sveltejs/kit/src/runtime/server/respond.js:282:20)
    at async fetch (/home/runner/workspace/node_modules/@sveltejs/kit/src/runtime/server/fetch.js:129:22)
    at async Object.eval [as fetch] (/home/runner/workspace/node_modules/@sveltejs/kit/src/runtime/server/fetch.js:31:10)
    at async eval (/home/runner/workspace/node_modules/@sveltejs/kit/src/runtime/server/page/load_data.js:220:18)
    at async Promise.all (index 0) {
  length: 95,
  severity: 'ERROR',
  code: '42601',
  detail: undefined,
  hint: undefined,
  position: '1167',
  internalPosition: undefined,
  internalQuery: undefined,
  where: undefined,
  schema: undefined,
  table: undefined,
  column: undefined,
  dataType: undefined,
  constraint: undefined,
  file: 'scan.l',
  line: '1244',
  routine: 'scanner_yyerror'
}
Database query failed: error: syntax error at or near "HOUR"
    at /home/runner/workspace/node_modules/pg/lib/client.js:535:17
    at process.processTicksAndRejections (node:internal/process/task_queues:95:5)
    at async GET (/home/runner/workspace/src/routes/api/weather-cities/+server.js:111:20)
    at async Module.render_endpoint (/home/runner/workspace/node_modules/@sveltejs/kit/src/runtime/server/endpoint.js:49:18)
    at async resolve (/home/runner/workspace/node_modules/@sveltejs/kit/src/runtime/server/respond.js:412:17)
    at async Module.respond (/home/runner/workspace/node_modules/@sveltejs/kit/src/runtime/server/respond.js:282:20)
    at async fetch (/home/runner/workspace/node_modules/@sveltejs/kit/src/runtime/server/fetch.js:129:22)
    at async Object.eval [as fetch] (/home/runner/workspace/node_modules/@sveltejs/kit/src/runtime/server/fetch.js:31:10)
    at async eval (/home/runner/workspace/node_modules/@sveltejs/kit/src/runtime/server/page/load_data.js:220:18)
    at async Promise.all (index 0) {
  length: 95,
  severity: 'ERROR',
  code: '42601',
  detail: undefined,
  hint: undefined,
  position: '1167',
  internalPosition: undefined,
  internalQuery: undefined,
  where: undefined,
  schema: undefined,
  table: undefined,
  column: undefined,
  dataType: undefined,
  constraint: undefined,
  file: 'scan.l',
  line: '1244',
  routine: 'scanner_yyerror'
}
TypeError: data.data.filter is not a function